[    1649ms] [INFO] Executing inline script violates the following Content Security Policy directive 'script-src-elem 'self' 'unsafe-inline' 'nonce-F-Q_Mi8LXQKtfHPdNx3kU' 'sha256-nYu0GSLekNR5CUP9bMCn5NXcpbpnmhnOhxGJOZ64+T0=' 'sha256-ni87z9hf+5ETDgxRH8yhx/Q+BuEbAHjEMTDDiKwPGuM=' 'sha256-6wRdeNJzEHNIsDAMAdKbdVLWIqu8b6+Bs+xVNZqplQw=' 'sha256-HXNTFSYyfzx/c099PQAyoAqxUKLbNcCEs/eE3CkJGzY=' 'sha256-iyvHvVLSNp0po/N2a1w0cI2spjnZ3HU4QHJ8uUwVZ8Q=' 'sha256-RGuiY2IJDUOyI7ZTcpV+/Ip0+tV2Cyt6qv4/lFEV3ZQ=' 'sha256-3YvTIS2/A7f1UMCtUdjhg9TrYrenIW3sD6VHx8qeY44=' 'sha256-R3hmYm9jR/LnCHcQeZO6oaWsYLkaifouByToNjSe36w=' 'sha256-jXgXenz8X3hdllM7xrpNZQQYXlWUM3wRdFIW0jlE0I8=' 'sha256-hwtfWWoLoTJyScX7LY0+VtpAbv06CEBfKox7RopfgGE=' 'sha256-uT3fz82DFpYoLVqfydmSkHGe8tuULHXS3nBHEOQJ14Q=' 'sha256-iVaw79mgcS1cJ2rd8D9/0wdrZr78V9AVRbFsV/ckXek=' 'sha256-Trh8H48uUhgdgQyI94WO6WIIVE2t705CBBvuFPsXVXE=' https://www.propertyguru.com.sg https://*.taboola.com https://maps.googleapis.com https://appleid.cdn-apple.com https://www.googletagmanager.com https://www.googletagservices.com https://*.google-analytics.com https://connect.facebook.net https://*.hotjar.com https://*.hotjar.io https://cdnjs.cloudflare.com https://sdk.iad-03.braze.com https://securepubads.g.doubleclick.net https://www.googleadservices.com https://googleads.g.doubleclick.net https://accounts.google.com https://fundingchoicesmessages.google.com https://pagead2.googlesyndication.com https://*.outbrain.com http://*.outbrain.com https://cdn.segment.com https://js.appboycdn.com https://bat.bing.com https://sb.scorecardresearch.com https://s.yimg.com https://analytics.tiktok.com https://snap.licdn.com https://www.clarity.ms https://tpc.googlesyndication.com https://ep2.adtrafficquality.google https://www.youtube.com https://*.pgimgs.com https://img03.en25.com https://*.propertyguru.com https://apis.google.com https://scdn.cxense.com https://www.chatbase.co https://api.segment.io https://*.segment.io https://*.segment.com https://*.doubleclick.net https://*.clarity.ms'. Note that 'unsafe-inline' is ignored if either a hash or nonce value is present in the source list. The policy is report-only, so the violation has been logged but no further action has been taken. @ https://www.propertyguru.com.sg/property-for-sale:0
[    4798ms] [WARNING] Swiper Loop Warning: The number of slides is not enough for loop mode, it will be disabled or not function properly. You need to add more slides (or make duplicates) or lower the values of slidesPerView and slidesPerGroup parameters @ https://cdn.pgimgs.com/marketplace-web/_next/static/chunks/159ed.vf669ig.js:0
[    4802ms] [WARNING] Swiper Loop Warning: The number of slides is not enough for loop mode, it will be disabled or not function properly. You need to add more slides (or make duplicates) or lower the values of slidesPerView and slidesPerGroup parameters @ https://cdn.pgimgs.com/marketplace-web/_next/static/chunks/159ed.vf669ig.js:0
[    4805ms] [WARNING] Swiper Loop Warning: The number of slides is not enough for loop mode, it will be disabled or not function properly. You need to add more slides (or make duplicates) or lower the values of slidesPerView and slidesPerGroup parameters @ https://cdn.pgimgs.com/marketplace-web/_next/static/chunks/159ed.vf669ig.js:0
[    4808ms] [WARNING] Swiper Loop Warning: The number of slides is not enough for loop mode, it will be disabled or not function properly. You need to add more slides (or make duplicates) or lower the values of slidesPerView and slidesPerGroup parameters @ https://cdn.pgimgs.com/marketplace-web/_next/static/chunks/159ed.vf669ig.js:0
[    4810ms] [WARNING] Swiper Loop Warning: The number of slides is not enough for loop mode, it will be disabled or not function properly. You need to add more slides (or make duplicates) or lower the values of slidesPerView and slidesPerGroup parameters @ https://cdn.pgimgs.com/marketplace-web/_next/static/chunks/159ed.vf669ig.js:0
[    4813ms] [WARNING] Swiper Loop Warning: The number of slides is not enough for loop mode, it will be disabled or not function properly. You need to add more slides (or make duplicates) or lower the values of slidesPerView and slidesPerGroup parameters @ https://cdn.pgimgs.com/marketplace-web/_next/static/chunks/159ed.vf669ig.js:0
[    4815ms] [WARNING] Swiper Loop Warning: The number of slides is not enough for loop mode, it will be disabled or not function properly. You need to add more slides (or make duplicates) or lower the values of slidesPerView and slidesPerGroup parameters @ https://cdn.pgimgs.com/marketplace-web/_next/static/chunks/159ed.vf669ig.js:0
[    4818ms] [WARNING] Swiper Loop Warning: The number of slides is not enough for loop mode, it will be disabled or not function properly. You need to add more slides (or make duplicates) or lower the values of slidesPerView and slidesPerGroup parameters @ https://cdn.pgimgs.com/marketplace-web/_next/static/chunks/159ed.vf669ig.js:0
[    4821ms] [WARNING] Swiper Loop Warning: The number of slides is not enough for loop mode, it will be disabled or not function properly. You need to add more slides (or make duplicates) or lower the values of slidesPerView and slidesPerGroup parameters @ https://cdn.pgimgs.com/marketplace-web/_next/static/chunks/159ed.vf669ig.js:0
[    4823ms] [WARNING] Swiper Loop Warning: The number of slides is not enough for loop mode, it will be disabled or not function properly. You need to add more slides (or make duplicates) or lower the values of slidesPerView and slidesPerGroup parameters @ https://cdn.pgimgs.com/marketplace-web/_next/static/chunks/159ed.vf669ig.js:0
[    4825ms] [WARNING] Swiper Loop Warning: The number of slides is not enough for loop mode, it will be disabled or not function properly. You need to add more slides (or make duplicates) or lower the values of slidesPerView and slidesPerGroup parameters @ https://cdn.pgimgs.com/marketplace-web/_next/static/chunks/159ed.vf669ig.js:0
[    4827ms] [WARNING] Swiper Loop Warning: The number of slides is not enough for loop mode, it will be disabled or not function properly. You need to add more slides (or make duplicates) or lower the values of slidesPerView and slidesPerGroup parameters @ https://cdn.pgimgs.com/marketplace-web/_next/static/chunks/159ed.vf669ig.js:0
[    4828ms] [WARNING] Swiper Loop Warning: The number of slides is not enough for loop mode, it will be disabled or not function properly. You need to add more slides (or make duplicates) or lower the values of slidesPerView and slidesPerGroup parameters @ https://cdn.pgimgs.com/marketplace-web/_next/static/chunks/159ed.vf669ig.js:0
[    4831ms] [WARNING] Swiper Loop Warning: The number of slides is not enough for loop mode, it will be disabled or not function properly. You need to add more slides (or make duplicates) or lower the values of slidesPerView and slidesPerGroup parameters @ https://cdn.pgimgs.com/marketplace-web/_next/static/chunks/159ed.vf669ig.js:0
[    4834ms] [WARNING] Swiper Loop Warning: The number of slides is not enough for loop mode, it will be disabled or not function properly. You need to add more slides (or make duplicates) or lower the values of slidesPerView and slidesPerGroup parameters @ https://cdn.pgimgs.com/marketplace-web/_next/static/chunks/159ed.vf669ig.js:0
[    4836ms] [WARNING] Swiper Loop Warning: The number of slides is not enough for loop mode, it will be disabled or not function properly. You need to add more slides (or make duplicates) or lower the values of slidesPerView and slidesPerGroup parameters @ https://cdn.pgimgs.com/marketplace-web/_next/static/chunks/159ed.vf669ig.js:0
[    4839ms] [WARNING] Swiper Loop Warning: The number of slides is not enough for loop mode, it will be disabled or not function properly. You need to add more slides (or make duplicates) or lower the values of slidesPerView and slidesPerGroup parameters @ https://cdn.pgimgs.com/marketplace-web/_next/static/chunks/159ed.vf669ig.js:0
[    4841ms] [WARNING] Swiper Loop Warning: The number of slides is not enough for loop mode, it will be disabled or not function properly. You need to add more slides (or make duplicates) or lower the values of slidesPerView and slidesPerGroup parameters @ https://cdn.pgimgs.com/marketplace-web/_next/static/chunks/159ed.vf669ig.js:0
[    4843ms] [WARNING] Swiper Loop Warning: The number of slides is not enough for loop mode, it will be disabled or not function properly. You need to add more slides (or make duplicates) or lower the values of slidesPerView and slidesPerGroup parameters @ https://cdn.pgimgs.com/marketplace-web/_next/static/chunks/159ed.vf669ig.js:0
[    4849ms] [WARNING] Validation errors: {_errors: Array(0), memberType: Object, pageType: Object} @ https://cdn.pgimgs.com/marketplace-web/_next/static/chunks/0trevy3gquyuw.js:0
[    4852ms] [WARNING] Validation errors: {_errors: Array(0), memberType: Object, pageType: Object} @ https://cdn.pgimgs.com/marketplace-web/_next/static/chunks/0trevy3gquyuw.js:0
[    4853ms] [WARNING] Validation errors: {_errors: Array(0), memberType: Object, pageType: Object} @ https://cdn.pgimgs.com/marketplace-web/_next/static/chunks/0trevy3gquyuw.js:0
[    4912ms] [WARNING] Validation errors: {_errors: Array(0), memberType: Object} @ https://cdn.pgimgs.com/marketplace-web/_next/static/chunks/0trevy3gquyuw.js:0
[    6094ms] [WARNING] The value for key "experiment" exceeds the limit of 100 characters and will be ignored by Google Analytics. @ https://cdn.pgimgs.com/marketplace-web/_next/static/chunks/0trevy3gquyuw.js:0
[    6139ms] [ERROR] Failed to load resource: the server responded with a status of 404 (Not Found) @ https://tpc.googlesyndication.com/:0
[    6509ms] [ERROR] Failed to load resource: the server responded with a status of 404 () @ https://tpc.googlesyndication.com/:0
[    6513ms] [ERROR] Failed to load resource: the server responded with a status of 404 () @ https://tpc.googlesyndication.com/:0
[    6562ms] [ERROR] Failed to load resource: the server responded with a status of 404 () @ https://tpc.googlesyndication.com/:0
[    6563ms] [ERROR] Failed to load resource: the server responded with a status of 404 () @ https://tpc.googlesyndication.com/:0
[    6668ms] [ERROR] Failed to load resource: the server responded with a status of 404 () @ https://tpc.googlesyndication.com/:0
[    7182ms] [WARNING] [GPT] PubAdsService.setTargeting is deprecated, use googletag.setConfig({targeting: ...}) instead.
https://goo.gle/gpt-message#170 @ https://securepubads.g.doubleclick.net/pagead/managed/js/gpt/m202606110101/pubads_impl.js:18
[    9166ms] [ERROR] Failed to load resource: the server responded with a status of 403 (Forbidden) @ https://ep1.adtrafficquality.google/getconfig/sodar?sv=200&tid=gpt&tv=m202606110101&st=env&sjk=4021857133616905:0
[    9731ms] [INFO] Loading the image 'https://idsync.segment.com/doubleclick?segment_write_key=PKKUiCGsiviOgpeS877E7tzZmFlImXJd' violates the following Content Security Policy directive: "img-src 'self' data: https://www.propertyguru.com.sg https://integration-pg-static-assets.s3.ap-southeast-1.amazonaws.com https://staging-pg-static-assets.s3.ap-southeast-1.amazonaws.com https://production-pg-static-assets.s3.ap-southeast-1.amazonaws.com https://maps.googleapis.com https://maps.gstatic.com https://c.clarity.ms https://s3-ap-southeast-1.amazonaws.com https://*.pgimgs.com https://cms-wordpress.s3.amazonaws.com https://www.google-analytics.com https://tpc.googlesyndication.com https://www.google.com https://creatives-assets.s3.ap-southeast-1.amazonaws.com https://www.google.com.sg https://www.google.com.my https://www.google.com.hk https://www.google.co.id https://www.google.co.in https://www.google.co.jp https://www.google.co.kr https://www.google.co.uk https://www.google.com.au https://www.google.com.ph https://www.google.com.vn https://www.google.fr https://www.google.de https://www.google.com.hk https://www.facebook.com https://connect.facebook.net https://*.bing.com https://*.linkedin.com https://sp.analytics.yahoo.com https://sb.scorecardresearch.com https://www.googletagmanager.com http://www.google.com https://ep1.adtrafficquality.google https://pagead2.googlesyndication.com https://*.eloqua.com https://googleads.g.doubleclick.net https://cm.g.doubleclick.net https://*.doubleclick.net https://*.g.doubleclick.net https://bat.bing.net https://angel-prod-public-content.s3.ap-southeast-1.amazonaws.com https://*.iproperty.com.my https://backend.chatbase.co https://*.tiktok.com https://*.youtube.com https://i.ytimg.com https://*.tiktokw.us https://*.taboola.com https://www.google.co.th www.googletagmanager.com". The policy is report-only, so the violation has been logged but no further action has been taken. @ https://www.propertyguru.com.sg/property-for-sale:0
[    9743ms] [WARNING] [CSP Violation Detected] {region: sg, marketplace: pg, blockedURI: https://cm.g.doubleclick.net/pixel?google_nid=segm…=ZGRmMjI2MjQtN2E5NS00YTJlLTg4MzUtZWZjYjEzZWRkMjY2, documentURI: https://www.propertyguru.com.sg/property-for-sale, referrer: } @ https://cdn.pgimgs.com/marketplace-web/_next/static/chunks/1180b6x~2fo6x.js:0
[   40749ms] [LOG] Sending payload: {country: SG, isSymbiosis: true, platform: web, pageType: Listing Search, pageRefererType: Others} @ https://cdn.pgimgs.com/marketplace-web/_next/static/chunks/0trevy3gquyuw.js:0
[   40887ms] [WARNING] The specified value "NaN" cannot be parsed, or is out of range. @ https://cdn.pgimgs.com/marketplace-web/_next/static/chunks/0be4uclf0hogz.js:0
[   40888ms] [WARNING] The specified value "NaN" cannot be parsed, or is out of range. @ https://cdn.pgimgs.com/marketplace-web/_next/static/chunks/0be4uclf0hogz.js:0
[   40890ms] [WARNING] The specified value "NaN" cannot be parsed, or is out of range. @ https://cdn.pgimgs.com/marketplace-web/_next/static/chunks/0be4uclf0hogz.js:0
[   40892ms] [WARNING] The specified value "NaN" cannot be parsed, or is out of range. @ https://cdn.pgimgs.com/marketplace-web/_next/static/chunks/0be4uclf0hogz.js:0
[   41216ms] [WARNING] The specified value "NaN" cannot be parsed, or is out of range. @ https://cdn.pgimgs.com/marketplace-web/_next/static/chunks/0be4uclf0hogz.js:0
[   41218ms] [WARNING] The specified value "NaN" cannot be parsed, or is out of range. @ https://cdn.pgimgs.com/marketplace-web/_next/static/chunks/0be4uclf0hogz.js:0
[   41220ms] [WARNING] The specified value "NaN" cannot be parsed, or is out of range. @ https://cdn.pgimgs.com/marketplace-web/_next/static/chunks/0be4uclf0hogz.js:0
[   41222ms] [WARNING] The specified value "NaN" cannot be parsed, or is out of range. @ https://cdn.pgimgs.com/marketplace-web/_next/static/chunks/0be4uclf0hogz.js:0
[   75128ms] [WARNING] The specified value "NaN" cannot be parsed, or is out of range. @ https://cdn.pgimgs.com/marketplace-web/_next/static/chunks/0be4uclf0hogz.js:0
[   75128ms] [WARNING] The specified value "NaN" cannot be parsed, or is out of range. @ https://cdn.pgimgs.com/marketplace-web/_next/static/chunks/0be4uclf0hogz.js:0
[   75129ms] [WARNING] The specified value "NaN" cannot be parsed, or is out of range. @ https://cdn.pgimgs.com/marketplace-web/_next/static/chunks/0be4uclf0hogz.js:0
[   75130ms] [WARNING] The specified value "NaN" cannot be parsed, or is out of range. @ https://cdn.pgimgs.com/marketplace-web/_next/static/chunks/0be4uclf0hogz.js:0
[   75280ms] [WARNING] The specified value "NaN" cannot be parsed, or is out of range. @ https://cdn.pgimgs.com/marketplace-web/_next/static/chunks/0be4uclf0hogz.js:0
[   75281ms] [WARNING] The specified value "NaN" cannot be parsed, or is out of range. @ https://cdn.pgimgs.com/marketplace-web/_next/static/chunks/0be4uclf0hogz.js:0
[   75282ms] [WARNING] The specified value "NaN" cannot be parsed, or is out of range. @ https://cdn.pgimgs.com/marketplace-web/_next/static/chunks/0be4uclf0hogz.js:0
[   75283ms] [WARNING] The specified value "NaN" cannot be parsed, or is out of range. @ https://cdn.pgimgs.com/marketplace-web/_next/static/chunks/0be4uclf0hogz.js:0
[  148465ms] [WARNING] The specified value "NaN" cannot be parsed, or is out of range. @ https://cdn.pgimgs.com/marketplace-web/_next/static/chunks/0be4uclf0hogz.js:0
[  148466ms] [WARNING] The specified value "NaN" cannot be parsed, or is out of range. @ https://cdn.pgimgs.com/marketplace-web/_next/static/chunks/0be4uclf0hogz.js:0
[  148467ms] [WARNING] The specified value "NaN" cannot be parsed, or is out of range. @ https://cdn.pgimgs.com/marketplace-web/_next/static/chunks/0be4uclf0hogz.js:0
[  148468ms] [WARNING] The specified value "NaN" cannot be parsed, or is out of range. @ https://cdn.pgimgs.com/marketplace-web/_next/static/chunks/0be4uclf0hogz.js:0
[  148468ms] [WARNING] The specified value "NaN" cannot be parsed, or is out of range. @ https://cdn.pgimgs.com/marketplace-web/_next/static/chunks/0be4uclf0hogz.js:0
[  148469ms] [WARNING] The specified value "NaN" cannot be parsed, or is out of range. @ https://cdn.pgimgs.com/marketplace-web/_next/static/chunks/0be4uclf0hogz.js:0
[  148470ms] [WARNING] The specified value "NaN" cannot be parsed, or is out of range. @ https://cdn.pgimgs.com/marketplace-web/_next/static/chunks/0be4uclf0hogz.js:0
[  148470ms] [WARNING] The specified value "NaN" cannot be parsed, or is out of range. @ https://cdn.pgimgs.com/marketplace-web/_next/static/chunks/0be4uclf0hogz.js:0
[  148834ms] [WARNING] The specified value "NaN" cannot be parsed, or is out of range. @ https://cdn.pgimgs.com/marketplace-web/_next/static/chunks/0be4uclf0hogz.js:0
[  148835ms] [WARNING] The specified value "NaN" cannot be parsed, or is out of range. @ https://cdn.pgimgs.com/marketplace-web/_next/static/chunks/0be4uclf0hogz.js:0
[  148837ms] [WARNING] The specified value "NaN" cannot be parsed, or is out of range. @ https://cdn.pgimgs.com/marketplace-web/_next/static/chunks/0be4uclf0hogz.js:0
[  148838ms] [WARNING] The specified value "NaN" cannot be parsed, or is out of range. @ https://cdn.pgimgs.com/marketplace-web/_next/static/chunks/0be4uclf0hogz.js:0
[  148840ms] [WARNING] The specified value "NaN" cannot be parsed, or is out of range. @ https://cdn.pgimgs.com/marketplace-web/_next/static/chunks/0be4uclf0hogz.js:0
[  148841ms] [WARNING] The specified value "NaN" cannot be parsed, or is out of range. @ https://cdn.pgimgs.com/marketplace-web/_next/static/chunks/0be4uclf0hogz.js:0
[  148843ms] [WARNING] The specified value "NaN" cannot be parsed, or is out of range. @ https://cdn.pgimgs.com/marketplace-web/_next/static/chunks/0be4uclf0hogz.js:0
[  148843ms] [WARNING] The specified value "NaN" cannot be parsed, or is out of range. @ https://cdn.pgimgs.com/marketplace-web/_next/static/chunks/0be4uclf0hogz.js:0
[  149391ms] [WARNING] The specified value "NaN" cannot be parsed, or is out of range. @ https://cdn.pgimgs.com/marketplace-web/_next/static/chunks/0be4uclf0hogz.js:0
[  149392ms] [WARNING] The specified value "NaN" cannot be parsed, or is out of range. @ https://cdn.pgimgs.com/marketplace-web/_next/static/chunks/0be4uclf0hogz.js:0
[  149393ms] [WARNING] The specified value "NaN" cannot be parsed, or is out of range. @ https://cdn.pgimgs.com/marketplace-web/_next/static/chunks/0be4uclf0hogz.js:0
[  149394ms] [WARNING] The specified value "NaN" cannot be parsed, or is out of range. @ https://cdn.pgimgs.com/marketplace-web/_next/static/chunks/0be4uclf0hogz.js:0
[  149396ms] [WARNING] The specified value "NaN" cannot be parsed, or is out of range. @ https://cdn.pgimgs.com/marketplace-web/_next/static/chunks/0be4uclf0hogz.js:0
[  149396ms] [WARNING] The specified value "NaN" cannot be parsed, or is out of range. @ https://cdn.pgimgs.com/marketplace-web/_next/static/chunks/0be4uclf0hogz.js:0
[  149398ms] [WARNING] The specified value "NaN" cannot be parsed, or is out of range. @ https://cdn.pgimgs.com/marketplace-web/_next/static/chunks/0be4uclf0hogz.js:0
[  149399ms] [WARNING] The specified value "NaN" cannot be parsed, or is out of range. @ https://cdn.pgimgs.com/marketplace-web/_next/static/chunks/0be4uclf0hogz.js:0
[  150343ms] [WARNING] The specified value "NaN" cannot be parsed, or is out of range. @ https://cdn.pgimgs.com/marketplace-web/_next/static/chunks/0be4uclf0hogz.js:0
[  150344ms] [WARNING] The specified value "NaN" cannot be parsed, or is out of range. @ https://cdn.pgimgs.com/marketplace-web/_next/static/chunks/0be4uclf0hogz.js:0
[  150346ms] [WARNING] The specified value "NaN" cannot be parsed, or is out of range. @ https://cdn.pgimgs.com/marketplace-web/_next/static/chunks/0be4uclf0hogz.js:0
[  150349ms] [WARNING] The specified value "NaN" cannot be parsed, or is out of range. @ https://cdn.pgimgs.com/marketplace-web/_next/static/chunks/0be4uclf0hogz.js:0
[  150350ms] [WARNING] The specified value "NaN" cannot be parsed, or is out of range. @ https://cdn.pgimgs.com/marketplace-web/_next/static/chunks/0be4uclf0hogz.js:0
[  150351ms] [WARNING] The specified value "NaN" cannot be parsed, or is out of range. @ https://cdn.pgimgs.com/marketplace-web/_next/static/chunks/0be4uclf0hogz.js:0
[  150352ms] [WARNING] The specified value "NaN" cannot be parsed, or is out of range. @ https://cdn.pgimgs.com/marketplace-web/_next/static/chunks/0be4uclf0hogz.js:0
[  150354ms] [WARNING] The specified value "NaN" cannot be parsed, or is out of range. @ https://cdn.pgimgs.com/marketplace-web/_next/static/chunks/0be4uclf0hogz.js:0
[  150398ms] [LOG] Sending payload: {country: SG, isSymbiosis: true, platform: web, pageType: Listing Search, pageRefererType: Others} @ https://cdn.pgimgs.com/marketplace-web/_next/static/chunks/0trevy3gquyuw.js:0
[  150926ms] [WARNING] The specified value "NaN" cannot be parsed, or is out of range. @ https://cdn.pgimgs.com/marketplace-web/_next/static/chunks/0be4uclf0hogz.js:0
[  150927ms] [WARNING] The specified value "NaN" cannot be parsed, or is out of range. @ https://cdn.pgimgs.com/marketplace-web/_next/static/chunks/0be4uclf0hogz.js:0
[  150928ms] [WARNING] The specified value "NaN" cannot be parsed, or is out of range. @ https://cdn.pgimgs.com/marketplace-web/_next/static/chunks/0be4uclf0hogz.js:0
[  150929ms] [WARNING] The specified value "NaN" cannot be parsed, or is out of range. @ https://cdn.pgimgs.com/marketplace-web/_next/static/chunks/0be4uclf0hogz.js:0
[  150931ms] [WARNING] The specified value "NaN" cannot be parsed, or is out of range. @ https://cdn.pgimgs.com/marketplace-web/_next/static/chunks/0be4uclf0hogz.js:0
[  150932ms] [WARNING] The specified value "NaN" cannot be parsed, or is out of range. @ https://cdn.pgimgs.com/marketplace-web/_next/static/chunks/0be4uclf0hogz.js:0
[  150934ms] [WARNING] The specified value "NaN" cannot be parsed, or is out of range. @ https://cdn.pgimgs.com/marketplace-web/_next/static/chunks/0be4uclf0hogz.js:0
[  150935ms] [WARNING] The specified value "NaN" cannot be parsed, or is out of range. @ https://cdn.pgimgs.com/marketplace-web/_next/static/chunks/0be4uclf0hogz.js:0
[  152634ms] [WARNING] The specified value "NaN" cannot be parsed, or is out of range. @ https://cdn.pgimgs.com/marketplace-web/_next/static/chunks/0be4uclf0hogz.js:0
[  152635ms] [WARNING] The specified value "NaN" cannot be parsed, or is out of range. @ https://cdn.pgimgs.com/marketplace-web/_next/static/chunks/0be4uclf0hogz.js:0
[  152637ms] [WARNING] The specified value "NaN" cannot be parsed, or is out of range. @ https://cdn.pgimgs.com/marketplace-web/_next/static/chunks/0be4uclf0hogz.js:0
[  152639ms] [WARNING] The specified value "NaN" cannot be parsed, or is out of range. @ https://cdn.pgimgs.com/marketplace-web/_next/static/chunks/0be4uclf0hogz.js:0
[  152641ms] [WARNING] The specified value "NaN" cannot be parsed, or is out of range. @ https://cdn.pgimgs.com/marketplace-web/_next/static/chunks/0be4uclf0hogz.js:0
[  152642ms] [WARNING] The specified value "NaN" cannot be parsed, or is out of range. @ https://cdn.pgimgs.com/marketplace-web/_next/static/chunks/0be4uclf0hogz.js:0
[  152643ms] [WARNING] The specified value "NaN" cannot be parsed, or is out of range. @ https://cdn.pgimgs.com/marketplace-web/_next/static/chunks/0be4uclf0hogz.js:0
[  152643ms] [WARNING] The specified value "NaN" cannot be parsed, or is out of range. @ https://cdn.pgimgs.com/marketplace-web/_next/static/chunks/0be4uclf0hogz.js:0
[  153248ms] [WARNING] The specified value "NaN" cannot be parsed, or is out of range. @ https://cdn.pgimgs.com/marketplace-web/_next/static/chunks/0be4uclf0hogz.js:0
[  153249ms] [WARNING] The specified value "NaN" cannot be parsed, or is out of range. @ https://cdn.pgimgs.com/marketplace-web/_next/static/chunks/0be4uclf0hogz.js:0
[  153252ms] [WARNING] The specified value "NaN" cannot be parsed, or is out of range. @ https://cdn.pgimgs.com/marketplace-web/_next/static/chunks/0be4uclf0hogz.js:0
[  153253ms] [WARNING] The specified value "NaN" cannot be parsed, or is out of range. @ https://cdn.pgimgs.com/marketplace-web/_next/static/chunks/0be4uclf0hogz.js:0
[  153256ms] [WARNING] The specified value "NaN" cannot be parsed, or is out of range. @ https://cdn.pgimgs.com/marketplace-web/_next/static/chunks/0be4uclf0hogz.js:0
[  153258ms] [WARNING] The specified value "NaN" cannot be parsed, or is out of range. @ https://cdn.pgimgs.com/marketplace-web/_next/static/chunks/0be4uclf0hogz.js:0
[  153260ms] [WARNING] The specified value "NaN" cannot be parsed, or is out of range. @ https://cdn.pgimgs.com/marketplace-web/_next/static/chunks/0be4uclf0hogz.js:0
[  153262ms] [WARNING] The specified value "NaN" cannot be parsed, or is out of range. @ https://cdn.pgimgs.com/marketplace-web/_next/static/chunks/0be4uclf0hogz.js:0
[  181897ms] [WARNING] The specified value "NaN" cannot be parsed, or is out of range. @ https://cdn.pgimgs.com/marketplace-web/_next/static/chunks/0be4uclf0hogz.js:0
[  181898ms] [WARNING] The specified value "NaN" cannot be parsed, or is out of range. @ https://cdn.pgimgs.com/marketplace-web/_next/static/chunks/0be4uclf0hogz.js:0
[  181902ms] [WARNING] The specified value "NaN" cannot be parsed, or is out of range. @ https://cdn.pgimgs.com/marketplace-web/_next/static/chunks/0be4uclf0hogz.js:0
[  181903ms] [WARNING] The specified value "NaN" cannot be parsed, or is out of range. @ https://cdn.pgimgs.com/marketplace-web/_next/static/chunks/0be4uclf0hogz.js:0
[  181905ms] [WARNING] The specified value "NaN" cannot be parsed, or is out of range. @ https://cdn.pgimgs.com/marketplace-web/_next/static/chunks/0be4uclf0hogz.js:0
[  181906ms] [WARNING] The specified value "NaN" cannot be parsed, or is out of range. @ https://cdn.pgimgs.com/marketplace-web/_next/static/chunks/0be4uclf0hogz.js:0
[  181907ms] [WARNING] The specified value "NaN" cannot be parsed, or is out of range. @ https://cdn.pgimgs.com/marketplace-web/_next/static/chunks/0be4uclf0hogz.js:0
[  181909ms] [WARNING] The specified value "NaN" cannot be parsed, or is out of range. @ https://cdn.pgimgs.com/marketplace-web/_next/static/chunks/0be4uclf0hogz.js:0
[  233164ms] [WARNING] The specified value "NaN" cannot be parsed, or is out of range. @ https://cdn.pgimgs.com/marketplace-web/_next/static/chunks/0be4uclf0hogz.js:0
[  233165ms] [WARNING] The specified value "NaN" cannot be parsed, or is out of range. @ https://cdn.pgimgs.com/marketplace-web/_next/static/chunks/0be4uclf0hogz.js:0
[  233174ms] [WARNING] The specified value "NaN" cannot be parsed, or is out of range. @ https://cdn.pgimgs.com/marketplace-web/_next/static/chunks/0be4uclf0hogz.js:0
[  233175ms] [WARNING] The specified value "NaN" cannot be parsed, or is out of range. @ https://cdn.pgimgs.com/marketplace-web/_next/static/chunks/0be4uclf0hogz.js:0
[  247019ms] [WARNING] The specified value "NaN" cannot be parsed, or is out of range. @ https://cdn.pgimgs.com/marketplace-web/_next/static/chunks/0be4uclf0hogz.js:0
[  247020ms] [WARNING] The specified value "NaN" cannot be parsed, or is out of range. @ https://cdn.pgimgs.com/marketplace-web/_next/static/chunks/0be4uclf0hogz.js:0
[  405699ms] [WARNING] The specified value "NaN" cannot be parsed, or is out of range. @ https://cdn.pgimgs.com/marketplace-web/_next/static/chunks/0be4uclf0hogz.js:0
[  405700ms] [WARNING] The specified value "NaN" cannot be parsed, or is out of range. @ https://cdn.pgimgs.com/marketplace-web/_next/static/chunks/0be4uclf0hogz.js:0
[  405723ms] [WARNING] The specified value "NaN" cannot be parsed, or is out of range. @ https://cdn.pgimgs.com/marketplace-web/_next/static/chunks/0be4uclf0hogz.js:0
[  405726ms] [WARNING] The specified value "NaN" cannot be parsed, or is out of range. @ https://cdn.pgimgs.com/marketplace-web/_next/static/chunks/0be4uclf0hogz.js:0
[  405940ms] [WARNING] Validation errors: {_errors: Array(0), eventData: Object} @ https://cdn.pgimgs.com/marketplace-web/_next/static/chunks/0trevy3gquyuw.js:0
[  405942ms] [LOG] Sending payload: {country: SG, isSymbiosis: true, platform: web, pageType: Listing Search, pageRefererType: Others} @ https://cdn.pgimgs.com/marketplace-web/_next/static/chunks/0trevy3gquyuw.js:0
[  405966ms] [WARNING] Validation errors: {_errors: Array(0), eventData: Object} @ https://cdn.pgimgs.com/marketplace-web/_next/static/chunks/0trevy3gquyuw.js:0
[  405968ms] [LOG] Sending payload: {country: SG, isSymbiosis: true, platform: web, pageType: Listing Search, pageRefererType: Others} @ https://cdn.pgimgs.com/marketplace-web/_next/static/chunks/0trevy3gquyuw.js:0
[  424834ms] [WARNING] The specified value "NaN" cannot be parsed, or is out of range. @ https://cdn.pgimgs.com/marketplace-web/_next/static/chunks/0be4uclf0hogz.js:0
[  424836ms] [WARNING] The specified value "NaN" cannot be parsed, or is out of range. @ https://cdn.pgimgs.com/marketplace-web/_next/static/chunks/0be4uclf0hogz.js:0
[  424855ms] [WARNING] The specified value "NaN" cannot be parsed, or is out of range. @ https://cdn.pgimgs.com/marketplace-web/_next/static/chunks/0be4uclf0hogz.js:0
[  424857ms] [WARNING] The specified value "NaN" cannot be parsed, or is out of range. @ https://cdn.pgimgs.com/marketplace-web/_next/static/chunks/0be4uclf0hogz.js:0
[  436309ms] [LOG] Sending payload: {country: SG, isSymbiosis: true, platform: web, pageType: Listing Search, pageRefererType: Others} @ https://cdn.pgimgs.com/marketplace-web/_next/static/chunks/0trevy3gquyuw.js:0
[  436524ms] [WARNING] The specified value "NaN" cannot be parsed, or is out of range. @ https://cdn.pgimgs.com/marketplace-web/_next/static/chunks/0be4uclf0hogz.js:0
[  436526ms] [WARNING] The specified value "NaN" cannot be parsed, or is out of range. @ https://cdn.pgimgs.com/marketplace-web/_next/static/chunks/0be4uclf0hogz.js:0
[  436529ms] [WARNING] The specified value "NaN" cannot be parsed, or is out of range. @ https://cdn.pgimgs.com/marketplace-web/_next/static/chunks/0be4uclf0hogz.js:0
[  436532ms] [WARNING] The specified value "NaN" cannot be parsed, or is out of range. @ https://cdn.pgimgs.com/marketplace-web/_next/static/chunks/0be4uclf0hogz.js:0
[  436933ms] [WARNING] The specified value "NaN" cannot be parsed, or is out of range. @ https://cdn.pgimgs.com/marketplace-web/_next/static/chunks/0be4uclf0hogz.js:0
[  436938ms] [WARNING] The specified value "NaN" cannot be parsed, or is out of range. @ https://cdn.pgimgs.com/marketplace-web/_next/static/chunks/0be4uclf0hogz.js:0
[  436945ms] [WARNING] The specified value "NaN" cannot be parsed, or is out of range. @ https://cdn.pgimgs.com/marketplace-web/_next/static/chunks/0be4uclf0hogz.js:0
[  436949ms] [WARNING] The specified value "NaN" cannot be parsed, or is out of range. @ https://cdn.pgimgs.com/marketplace-web/_next/static/chunks/0be4uclf0hogz.js:0
